<?xml version="1.0" encoding="UTF-8"?>
<!-- Generated by org.testng.reporters.JUnitReportReporter -->
<testsuite hostname="LAPTOP-30FJ9GPS" failures="0" tests="1" name="booking.tests.StaysTest" time="52.621" errors="0" timestamp="2024-11-10T09:54:29 AST" skipped="0">
  <testcase classname="booking.tests.StaysTest" name="testReserveStayWithFreeCancelationAndLowCost" time="52.621"/>
  <system-out/>
</testsuite> <!-- booking.tests.StaysTest -->
