<?xml version="1.0" encoding="UTF-8"?>
<!-- Generated by org.testng.reporters.JUnitReportReporter -->
<testsuite hostname="LAPTOP-30FJ9GPS" failures="0" tests="1" name="booking.base.Base" time="11.511" errors="0" timestamp="2024-06-24T23:08:34 EET" skipped="0">
  <testcase classname="booking.base.Base" name="beforeClass" time="11.511"/>
  <system-out/>
</testsuite> <!-- booking.base.Base -->
